<?xml version="1.0" encoding="UTF-8"?>
<!-- Generated by org.testng.reporters.JUnitXMLReporter -->
<testsuite ignored="0" hostname="LAPTOP-DS3SSIDA" failures="1" tests="1" name="Surefire test" time="12.416" errors="0" timestamp="2022-06-02T12:11:24 IST">
  <testcase classname="com.herokuapp.theinternet.PositiveTest" name="loginTest" time="12.343">
    <failure type="java.lang.AssertionError" message="Acual page url is not the same as expected expected [https://the-internet.herokuapp.com/secure] but found [https://the-internet.herokuapp.com/login]">
      <![CDATA[java.lang.AssertionError: Acual page url is not the same as expected expected [https://the-internet.herokuapp.com/secure] but found [https://the-internet.herokuapp.com/login]
at com.herokuapp.theinternet.PositiveTest.loginTest(PositiveTest.java:47)
at java.base/java.util.ArrayList.forEach(ArrayList.java:1507)
... Removed 37 stack frames]]>
    </failure>
  </testcase> <!-- loginTest -->
</testsuite> <!-- Surefire test -->
